<?xml version="1.0" encoding="UTF-8"?>
<testng-results skipped="0" failed="0" total="1" passed="1">
  <reporter-output>
  </reporter-output>
  <suite name="Group of group Suite" duration-ms="60" started-at="2018-07-25T19:09:52Z" finished-at="2018-07-25T19:09:52Z">
    <groups>
    </groups>
    <test name="SimpleParamExample" duration-ms="60" started-at="2018-07-25T19:09:52Z" finished-at="2018-07-25T19:09:52Z">
      <class name="com.examples.testng.parameters.testparameters">
        <test-method status="PASS" signature="testSingleString(java.lang.String)[pri:0, instance:com.examples.testng.parameters.testparameters@d7b1517]" name="testSingleString" duration-ms="12" started-at="2018-07-25T19:09:52Z" finished-at="2018-07-25T19:09:52Z">
          <params>
            <param index="0">
              <value>
                <![CDATA[Cedric]]>
              </value>
            </param>
          </params>
        </test-method>
      </class>
    </test>
  </suite>
</testng-results>
